nohup: ignoring input
2614.642 / 89.347 / 64.925                 
2266.108 / 90.424 / 70.592                 
2295.571 / 90.549 / 70.201                 
2401.408 / 90.838 / 71.298                 
2732.279 / 91.016 / 72.111                 
3049.022 / 90.673 / 71.261                 
3327.485 / 90.792 / 71.817                 
3493.800 / 90.928 / 71.924                 
3682.636 / 90.953 / 71.955                 
3967.932 / 91.012 / 71.870                 
3865.888 / 90.908 / 71.752                 
3885.467 / 90.969 / 72.087                 
3927.322 / 91.010 / 72.265                 
3930.678 / 91.019 / 72.246                 
3933.715 / 91.023 / 72.260                 
3935.902 / 91.030 / 72.271                 
3936.867 / 91.037 / 72.285                 
3937.773 / 91.040 / 72.287                 
3938.814 / 91.046 / 72.305                 
3938.191 / 91.057 / 72.345                 
3938.372 / 91.065 / 72.369                 
3937.998 / 91.074 / 72.402                 
3937.624 / 91.085 / 72.433                 
3937.004 / 91.089 / 72.454                 
3937.214 / 91.088 / 72.464                 
3936.399 / 91.092 / 72.482                 
3936.114 / 91.094 / 72.486                 
3935.803 / 91.100 / 72.505                 
3935.470 / 91.103 / 72.519                 
3934.771 / 91.108 / 72.542                 
3934.992 / 91.105 / 72.542                 
3934.402 / 91.113 / 72.571                 
3934.008 / 91.121 / 72.592                 
3934.014 / 91.120 / 72.584                 
3933.563 / 91.122 / 72.584                 
3933.100 / 91.122 / 72.593                 
3933.086 / 91.122 / 72.598                 
3932.761 / 91.125 / 72.600                 
3932.753 / 91.128 / 72.605                 
3932.489 / 91.126 / 72.592                 
3932.098 / 91.130 / 72.597                 
3931.789 / 91.132 / 72.616                 
3931.591 / 91.134 / 72.626                 
3931.473 / 91.130 / 72.618                 
3931.031 / 91.131 / 72.614                 
3930.374 / 91.135 / 72.628                 
3930.261 / 91.136 / 72.633                 
3930.348 / 91.132 / 72.622                 
3930.127 / 91.135 / 72.627                 
3929.770 / 91.137 / 72.634                 
